Mono path[0] = 'C:/REPO/REPO_Data/Managed'
Mono config path = 'C:/REPO/MonoBleedingEdge/etc'
[Physics::Module] Initialized MultithreadedJobDispatcher with 15 workers.
Initialize engine version: 2022.3.21f1 (bf09ca542b87)
[Subsystems] Discovering subsystems at path C:/REPO/REPO_Data/UnitySubsystems
GfxDevice: creating device client; threaded=1; jobified=1
Direct3D:
    Version:  Direct3D 11.0 [level 11.1]
    Renderer: NVIDIA GeForce RTX 4060 Ti (ID=0x2803)
    Vendor:   NVIDIA
    VRAM:     7949 MB
    Driver:   32.0.15.7260
Begin MonoManager ReloadAssembly
- Loaded All Assemblies, in  0.129 seconds
- Finished resetting the current domain, in  0.001 seconds
<RI> Initializing input.
New input system (experimental) initialized
Using Windows.Gaming.Input
<RI> Input initialized.
<RI> Initialized touch support.
Fallback handler could not load library C:/REPO/REPO_Data/MonoBleedingEdge/data-000002C5F403A5C0.dll
Fallback handler could not load library C:/REPO/REPO_Data/MonoBleedingEdge/data-000002C679BDA180.dll
UnloadTime: 6.395200 ms
Odin Serializer ArchitectureInfo initialization with defaults (all unaligned read/writes disabled).
Odin Serializer detected whitelisted runtime platform WindowsPlayer and memory read test succeeded; enabling all unaligned memory read/writes.
VERSION: v0.2.1
STEAM ID: 76561198082416025
Getting Steam Auth Ticket...
Leave Photon
Steam: Leaving lobby...
Cancelling Steam Auth Ticket...
Leave to Main Menu
Unloading 6 Unused Serialized files (Serialized files now loaded: 0)
UnloadTime: 12.519600 ms
Unloading 33141 unused Assets to reduce memory usage. Loaded Objects now: 946285.
Total: 435.305400 ms (FindLiveObjects: 40.943100 ms CreateObjectMapping: 99.089400 ms MarkObjects: 279.285800 ms  DeleteObjects: 15.986800 ms)

Unloading 3 Unused Serialized files (Serialized files now loaded: 0)
UnloadTime: 7.841200 ms
Unloading 30 unused Assets to reduce memory usage. Loaded Objects now: 980776.
Total: 331.177000 ms (FindLiveObjects: 43.000000 ms CreateObjectMapping: 110.258500 ms MarkObjects: 173.296200 ms  DeleteObjects: 4.622000 ms)

Photon - Set AppId
Sending Steam Auth Ticket...
Getting Steam Auth Ticket...
Disconnected from server for reason DisconnectByClientLogic
Save file not found in C:/Users/Admin/AppData/LocalLow/semiwork/REPO/saves/.git/.git.es3
Save file not found in C:/Users/Admin/AppData/LocalLow/semiwork/REPO/saves/.git/.git.es3
Save file not found in C:/Users/Admin/AppData/LocalLow/semiwork/REPO/saves/.git/.git.es3
ArgumentNullException: Value cannot be null.
Parameter name: s
  at System.Int32.Parse (System.String s) [0x00003] in <4b234520e36749be9cf6b053d911690f>:0 
  at MenuPageSaves.Start () [0x0009d] in <e11435bf883d4773ade3f38cb21e9d9e>:0 

Save file not found in C:/Users/Admin/AppData/LocalLow/semiwork/REPO/saves/.git/.git.es3
Save file not found in C:/Users/Admin/AppData/LocalLow/semiwork/REPO/saves/.git/.git.es3
Save file not found in C:/Users/Admin/AppData/LocalLow/semiwork/REPO/saves/.git/.git.es3
Save file not found in C:/Users/Admin/AppData/LocalLow/semiwork/REPO/saves/.git/.git.es3
ArgumentNullException: Value cannot be null.
Parameter name: s
  at System.Int32.Parse (System.String s) [0x00003] in <4b234520e36749be9cf6b053d911690f>:0 
  at MenuPageSaves.SaveFileSelected (System.String saveFileName) [0x000e3] in <e11435bf883d4773ade3f38cb21e9d9e>:0 
  at MenuElementSaveFile.Update () [0x0006f] in <e11435bf883d4773ade3f38cb21e9d9e>:0 

Save file not found in C:/Users/Admin/AppData/LocalLow/semiwork/REPO/saves/.git/.git.es3
Save file not found in C:/Users/Admin/AppData/LocalLow/semiwork/REPO/saves/.git/.git.es3
Save file not found in C:/Users/Admin/AppData/LocalLow/semiwork/REPO/saves/.git/.git.es3
Save file not found in C:/Users/Admin/AppData/LocalLow/semiwork/REPO/saves/.git/.git.es3
ArgumentNullException: Value cannot be null.
Parameter name: s
  at System.Int32.Parse (System.String s) [0x00003] in <4b234520e36749be9cf6b053d911690f>:0 
  at MenuPageSaves.SaveFileSelected (System.String saveFileName) [0x000e3] in <e11435bf883d4773ade3f38cb21e9d9e>:0 
  at MenuElementSaveFile.Update () [0x0006f] in <e11435bf883d4773ade3f38cb21e9d9e>:0 

Save file not found in C:/Users/Admin/AppData/LocalLow/semiwork/REPO/saves/.git/.git.es3
Changed level to: Level - Lobby Menu
Photon - Set Region
Photon - Set Version
Photon - Set AppId
PunVoiceClientLogic Awake
Created lobby on Network Connect.
Steam: Hosting lobby...
Steam: Lobby created with ID: 109775244793021725
Steam: Lobby entered with ID: 109775244793021725
Steam: Region: 
Sending Steam Auth Ticket...
Getting Steam Auth Ticket...
Connected to Master Server
I am the owner.
Steam: Setting lobby data...
Trying to join room: 109775244793021725
Created room successfully 109775244793021725 eu
Joined room: 109775244793021725 eu
Unloading 3 Unused Serialized files (Serialized files now loaded: 0)
Game Mode: Multiplayer
NetworkConnect destroyed.
UnloadTime: 10.119100 ms
[2025-09-23T09:39:06] [Info] [LOGGER] [VoiceLogger] Disabling VoiceLogger duplicates at the scene root.
[2025-09-23T09:39:06] [Warning] [PhotonVoiceView] [Voice(Clone)] PhotonVoiceView.RecorderInUse.TransmitEnabled is false, don't forget to set it to true to enable transmission.
Unloading 67 unused Assets to reduce memory usage. Loaded Objects now: 980826.
Total: 312.579700 ms (FindLiveObjects: 41.069300 ms CreateObjectMapping: 99.337200 ms MarkObjects: 167.264700 ms  DeleteObjects: 4.908200 ms)

Calling OpJoinOrCreateRoom for room name '109775244793021725_voice_' region eu.
Steam: Unlocking lobby...
[2025-09-23T09:39:11] [Warning] [PunVoiceClient] [PunVoiceClient(Clone)] [PV] Frame event for voice #1 of not inited player 1
Steam: Lobby member joined: Babaika
Player entered room: Babaika
[2025-09-23T09:39:26] [Warning] [PunVoiceClient] [PunVoiceClient(Clone)] [PV] Frame event for voice #3 of not inited player 2
Steam: Locking lobby...
Changed level to: Level - Manor
Unloading 5 Unused Serialized files (Serialized files now loaded: 0)
UnloadTime: 11.242500 ms
Unloading 33179 unused Assets to reduce memory usage. Loaded Objects now: 946381.
Total: 445.782100 ms (FindLiveObjects: 41.438400 ms CreateObjectMapping: 102.989000 ms MarkObjects: 284.366100 ms  DeleteObjects: 16.988100 ms)

Unloading 3 Unused Serialized files (Serialized files now loaded: 0)
UnloadTime: 7.452300 ms
Unloading 28 unused Assets to reduce memory usage. Loaded Objects now: 980874.
Total: 369.413400 ms (FindLiveObjects: 42.544300 ms CreateObjectMapping: 100.011900 ms MarkObjects: 222.180500 ms  DeleteObjects: 4.676500 ms)

Disconnected from server for reason ApplicationQuit
Cancelling Steam Auth Ticket...
Memory Statistics:
[ALLOC_TEMP_TLS] TLS Allocator
  StackAllocators : 
    [ALLOC_TEMP_MAIN]
      Peak usage frame count: [1.0 KB-2.0 KB]: 344 frames, [16.0 KB-32.0 KB]: 48361 frames, [32.0 KB-64.0 KB]: 9 frames, [64.0 KB-128.0 KB]: 1324 frames, [128.0 KB-256.0 KB]: 5630 frames, [256.0 KB-0.5 MB]: 1 frames, [0.5 MB-1.0 MB]: 3 frames, [1.0 MB-2.0 MB]: 17 frames, [2.0 MB-4.0 MB]: 14 frames, [4.0 MB-8.0 MB]: 11 frames
      Initial Block Size 4.0 MB
      Current Block Size 7.9 MB
      Peak Allocated Bytes 7.5 MB
      Overflow Count 97
    [ALLOC_TEMP_Background Job.worker 4]
      Initial Block Size 32.0 KB
      Current Block Size 32.0 KB
      Peak Allocated Bytes 54 B
      Overflow Count 0
    [ALLOC_TEMP_Loading.PreloadManager]
      Initial Block Size 256.0 KB
      Current Block Size 360.0 KB
      Peak Allocated Bytes 301.7 KB
      Overflow Count 164
    [ALLOC_TEMP_Background Job.worker 3]
      Initial Block Size 32.0 KB
      Current Block Size 32.0 KB
      Peak Allocated Bytes 54 B
      Overflow Count 0
    [ALLOC_TEMP_Background Job.worker 11]
      Initial Block Size 32.0 KB
      Current Block Size 32.0 KB
      Peak Allocated Bytes 54 B
      Overflow Count 0
    [ALLOC_TEMP_Background Job.worker 7]
      Initial Block Size 32.0 KB
      Current Block Size 32.0 KB
      Peak Allocated Bytes 54 B
      Overflow Count 0
    [ALLOC_TEMP_Background Job.worker 6]
      Initial Block Size 32.0 KB
      Current Block Size 32.0 KB
      Peak Allocated Bytes 54 B
      Overflow Count 0
    [ALLOC_TEMP_Job.worker 11]
      Initial Block Size 256.0 KB
      Current Block Size 256.0 KB
      Peak Allocated Bytes 13.7 KB
      Overflow Count 0
    [ALLOC_TEMP_Background Job.worker 12]
      Initial Block Size 32.0 KB
      Current Block Size 32.0 KB
      Peak Allocated Bytes 54 B
      Overflow Count 0
    [ALLOC_TEMP_Background Job.worker 2]
      Initial Block Size 32.0 KB
      Current Block Size 32.0 KB
      Peak Allocated Bytes 54 B
      Overflow Count 0
    [ALLOC_TEMP_Background Job.worker 9]
      Initial Block Size 32.0 KB
      Current Block Size 32.0 KB
      Peak Allocated Bytes 54 B
      Overflow Count 0
    [ALLOC_TEMP_Job.worker 0]
      Initial Block Size 256.0 KB
      Current Block Size 256.0 KB
      Peak Allocated Bytes 4.1 KB
      Overflow Count 0
    [ALLOC_TEMP_Job.worker 4]
      Initial Block Size 256.0 KB
      Current Block Size 256.0 KB
      Peak Allocated Bytes 88.4 KB
      Overflow Count 0
    [ALLOC_TEMP_Job.worker 5]
      Initial Block Size 256.0 KB
      Current Block Size 256.0 KB
      Peak Allocated Bytes 17.1 KB
      Overflow Count 0
    [ALLOC_TEMP_Job.worker 14]
      Initial Block Size 256.0 KB
      Current Block Size 256.0 KB
      Peak Allocated Bytes 8.9 KB
      Overflow Count 0
    [ALLOC_TEMP_Background Job.worker 10]
      Initial Block Size 32.0 KB
      Current Block Size 32.0 KB
      Peak Allocated Bytes 54 B
      Overflow Count 0
    [ALLOC_TEMP_Job.worker 13]
      Initial Block Size 256.0 KB
      Current Block Size 256.0 KB
      Peak Allocated Bytes 12.6 KB
      Overflow Count 0
    [ALLOC_TEMP_Background Job.worker 1]
      Initial Block Size 32.0 KB
      Current Block Size 32.0 KB
      Peak Allocated Bytes 164 B
      Overflow Count 0
    [ALLOC_TEMP_EnlightenWorker] x 8
      Initial Block Size 64.0 KB
      Current Block Size 64.0 KB
      Peak Allocated Bytes 54 B
      Overflow Count 0
    [ALLOC_TEMP_Job.worker 1]
      Initial Block Size 256.0 KB
      Current Block Size 256.0 KB
      Peak Allocated Bytes 20.4 KB
      Overflow Count 0
    [ALLOC_TEMP_Job.worker 3]
      Initial Block Size 256.0 KB
      Current Block Size 256.0 KB
      Peak Allocated Bytes 17.8 KB
      Overflow Count 0
    [ALLOC_TEMP_Background Job.worker 5]
      Initial Block Size 32.0 KB
      Current Block Size 32.0 KB
      Peak Allocated Bytes 54 B
      Overflow Count 0
    [ALLOC_TEMP_Background Job.worker 8]
      Initial Block Size 32.0 KB
      Current Block Size 32.0 KB
      Peak Allocated Bytes 54 B
      Overflow Count 0
    [ALLOC_TEMP_Job.worker 12]
      Initial Block Size 256.0 KB
      Current Block Size 256.0 KB
      Peak Allocated Bytes 12.8 KB
      Overflow Count 0
    [ALLOC_TEMP_UnityGfxDeviceWorker]
      Initial Block Size 256.0 KB
      Current Block Size 256.0 KB
      Peak Allocated Bytes 33.5 KB
      Overflow Count 0
    [ALLOC_TEMP_AssetGarbageCollectorHelper] x 15
      Initial Block Size 64.0 KB
      Current Block Size 64.0 KB
      Peak Allocated Bytes 138 B
      Overflow Count 0
    [ALLOC_TEMP_Background Job.worker 13]
      Initial Block Size 32.0 KB
      Current Block Size 32.0 KB
      Peak Allocated Bytes 54 B
      Overflow Count 0
    [ALLOC_TEMP_Background Job.worker 15]
      Initial Block Size 32.0 KB
      Current Block Size 32.0 KB
      Peak Allocated Bytes 54 B
      Overflow Count 0
    [ALLOC_TEMP_Job.worker 2]
      Initial Block Size 256.0 KB
      Current Block Size 256.0 KB
      Peak Allocated Bytes 94.3 KB
      Overflow Count 0
    [ALLOC_TEMP_Job.worker 10]
      Initial Block Size 256.0 KB
      Current Block Size 256.0 KB
      Peak Allocated Bytes 17.1 KB
      Overflow Count 0
    [ALLOC_TEMP_Job.worker 7]
      Initial Block Size 256.0 KB
      Current Block Size 256.0 KB
      Peak Allocated Bytes 14.6 KB
      Overflow Count 0
    [ALLOC_TEMP_Job.worker 9]
      Initial Block Size 256.0 KB
      Current Block Size 256.0 KB
      Peak Allocated Bytes 38.0 KB
      Overflow Count 0
    [ALLOC_TEMP_Background Job.worker 0]
      Initial Block Size 32.0 KB
      Current Block Size 32.0 KB
      Peak Allocated Bytes 54 B
      Overflow Count 0
    [ALLOC_TEMP_Job.worker 6]
      Initial Block Size 256.0 KB
      Current Block Size 256.0 KB
      Peak Allocated Bytes 16.8 KB
      Overflow Count 0
    [ALLOC_TEMP_Job.worker 8]
      Initial Block Size 256.0 KB
      Current Block Size 256.0 KB
      Peak Allocated Bytes 14.7 KB
      Overflow Count 0
    [ALLOC_TEMP_HIDInput]
      Initial Block Size 64.0 KB
      Current Block Size 64.0 KB
      Peak Allocated Bytes 10.8 KB
      Overflow Count 0
    [ALLOC_TEMP_Background Job.worker 14]
      Initial Block Size 32.0 KB
      Current Block Size 32.0 KB
      Peak Allocated Bytes 54 B
      Overflow Count 0
    [ALLOC_TEMP_Loading.AsyncRead]
      Initial Block Size 64.0 KB
      Current Block Size 64.0 KB
      Peak Allocated Bytes 256 B
      Overflow Count 0
    [ALLOC_TEMP_BatchDeleteObjects]
      Initial Block Size 64.0 KB
      Current Block Size 64.0 KB
      Peak Allocated Bytes 54 B
      Overflow Count 0
[ALLOC_DEFAULT] Dual Thread Allocator
  Peak main deferred allocation count 13217
    [ALLOC_BUCKET]
      Large Block size 4.0 MB
      Used Block count 1
      Peak Allocated bytes 4.0 MB
      Failed Allocations. Bucket layout:
        16B: 181 Subsections = 185344 buckets. Failed count: 3360530
        32B: 14 Subsections = 7168 buckets. Failed count: 2375343
        48B: 21 Subsections = 7168 buckets. Failed count: 6812295
        64B: 19 Subsections = 4864 buckets. Failed count: 333502
        80B: 14 Subsections = 2867 buckets. Failed count: 193147
        96B: 3 Subsections = 512 buckets. Failed count: 259638
        112B: 2 Subsections = 292 buckets. Failed count: 1174905
        128B: 2 Subsections = 256 buckets. Failed count: 540492
    [ALLOC_DEFAULT_MAIN]
      Peak usage frame count: [64.0 MB-128.0 MB]: 48752 frames, [128.0 MB-256.0 MB]: 6962 frames
      Requested Block Size 16.0 MB
      Peak Block count 6
      Peak Allocated memory 200.8 MB
      Peak Large allocation bytes 126.5 MB
    [ALLOC_DEFAULT_THREAD]
      Peak usage frame count: [32.0 MB-64.0 MB]: 1723 frames, [64.0 MB-128.0 MB]: 53990 frames, [0.50 GB-1.00 GB]: 1 frames
      Requested Block Size 16.0 MB
      Peak Block count 5
      Peak Allocated memory 0.62 GB
      Peak Large allocation bytes 0.59 GB
[ALLOC_TEMP_JOB_1_FRAME]
  Initial Block Size 2.0 MB
  Used Block Count 0
  Overflow Count (too large) 0
  Overflow Count (full) 0
[ALLOC_TEMP_JOB_2_FRAMES]
  Initial Block Size 2.0 MB
  Used Block Count 0
  Overflow Count (too large) 0
  Overflow Count (full) 0
[ALLOC_TEMP_JOB_4_FRAMES (JobTemp)]
  Initial Block Size 2.0 MB
  Used Block Count 1
  Overflow Count (too large) 10
  Overflow Count (full) 0
[ALLOC_TEMP_JOB_ASYNC (Background)]
  Initial Block Size 1.0 MB
  Used Block Count 1
  Overflow Count (too large) 44
  Overflow Count (full) 0
[ALLOC_GFX] Dual Thread Allocator
  Peak main deferred allocation count 6
    [ALLOC_BUCKET]
      Large Block size 4.0 MB
      Used Block count 1
      Peak Allocated bytes 4.0 MB
      Failed Allocations. Bucket layout:
        16B: 181 Subsections = 185344 buckets. Failed count: 3360530
        32B: 14 Subsections = 7168 buckets. Failed count: 2375343
        48B: 21 Subsections = 7168 buckets. Failed count: 6812295
        64B: 19 Subsections = 4864 buckets. Failed count: 333502
        80B: 14 Subsections = 2867 buckets. Failed count: 193147
        96B: 3 Subsections = 512 buckets. Failed count: 259638
        112B: 2 Subsections = 292 buckets. Failed count: 1174905
        128B: 2 Subsections = 256 buckets. Failed count: 540492
    [ALLOC_GFX_MAIN]
      Peak usage frame count: [256.0 KB-0.5 MB]: 21800 frames, [0.5 MB-1.0 MB]: 33914 frames
      Requested Block Size 16.0 MB
      Peak Block count 1
      Peak Allocated memory 0.7 MB
      Peak Large allocation bytes 0 B
    [ALLOC_GFX_THREAD]
      Peak usage frame count: [2.0 MB-4.0 MB]: 112 frames, [4.0 MB-8.0 MB]: 48646 frames, [8.0 MB-16.0 MB]: 6956 frames
      Requested Block Size 16.0 MB
      Peak Block count 1
      Peak Allocated memory 12.3 MB
      Peak Large allocation bytes 0 B
[ALLOC_CACHEOBJECTS] Dual Thread Allocator
  Peak main deferred allocation count 449
    [ALLOC_BUCKET]
      Large Block size 4.0 MB
      Used Block count 1
      Peak Allocated bytes 4.0 MB
      Failed Allocations. Bucket layout:
        16B: 181 Subsections = 185344 buckets. Failed count: 3360530
        32B: 14 Subsections = 7168 buckets. Failed count: 2375343
        48B: 21 Subsections = 7168 buckets. Failed count: 6812295
        64B: 19 Subsections = 4864 buckets. Failed count: 333502
        80B: 14 Subsections = 2867 buckets. Failed count: 193147
        96B: 3 Subsections = 512 buckets. Failed count: 259638
        112B: 2 Subsections = 292 buckets. Failed count: 1174905
        128B: 2 Subsections = 256 buckets. Failed count: 540492
    [ALLOC_CACHEOBJECTS_MAIN]
      Peak usage frame count: [128.0 MB-256.0 MB]: 55714 frames
      Requested Block Size 4.0 MB
      Peak Block count 30
      Peak Allocated memory 210.2 MB
      Peak Large allocation bytes 135.6 MB
    [ALLOC_CACHEOBJECTS_THREAD]
      Peak usage frame count: [256.0 MB-0.50 GB]: 55714 frames
      Requested Block Size 4.0 MB
      Peak Block count 106
      Peak Allocated memory 403.7 MB
      Peak Large allocation bytes 50.4 MB
[ALLOC_TYPETREE] Dual Thread Allocator
  Peak main deferred allocation count 0
    [ALLOC_BUCKET]
      Large Block size 4.0 MB
      Used Block count 1
      Peak Allocated bytes 4.0 MB
      Failed Allocations. Bucket layout:
        16B: 181 Subsections = 185344 buckets. Failed count: 3360530
        32B: 14 Subsections = 7168 buckets. Failed count: 2375343
        48B: 21 Subsections = 7168 buckets. Failed count: 6812295
        64B: 19 Subsections = 4864 buckets. Failed count: 333502
        80B: 14 Subsections = 2867 buckets. Failed count: 193147
        96B: 3 Subsections = 512 buckets. Failed count: 259638
        112B: 2 Subsections = 292 buckets. Failed count: 1174905
        128B: 2 Subsections = 256 buckets. Failed count: 540492
    [ALLOC_TYPETREE_MAIN]
      Peak usage frame count: [16.0 KB-32.0 KB]: 49048 frames, [64.0 KB-128.0 KB]: 6666 frames
      Requested Block Size 2.0 MB
      Peak Block count 1
      Peak Allocated memory 72.0 KB
      Peak Large allocation bytes 0 B
    [ALLOC_TYPETREE_THREAD]
      Peak usage frame count: [32.0 KB-64.0 KB]: 55714 frames
      Requested Block Size 2.0 MB
      Peak Block count 1
      Peak Allocated memory 59.7 KB
      Peak Large allocation bytes 0 B
